Mono path[0] = 'C:/Program Files (x86)/Steam/steamapps/common/RimWorld/RimWorldWin64_Data/Managed'
Mono config path = 'C:/Program Files (x86)/Steam/steamapps/common/RimWorld/MonoBleedingEdge/etc'
Initialize engine version: 2019.2.17f1 (8e603399ca02)
[XR] Discovering subsystems at path C:/Program Files (x86)/Steam/steamapps/common/RimWorld/RimWorldWin64_Data/UnitySubsystems
GfxDevice: creating device client; threaded=1
Direct3D:
    Version:  Direct3D 11.0 [level 11.1]
    Renderer: NVIDIA GeForce GTX 1080 (ID=0x1b80)
    Vendor:   
    VRAM:     8079 MB
    Driver:   27.21.14.5671
Begin MonoManager ReloadAssembly
- Completed reload, in  1.314 seconds
<RI> Initializing input.
<RI> Input initialized.
<RI> Initialized touch support.
UnloadTime: 0.367800 ms
RimWorld 1.2.2900 rev837
Fallback handler could not load library C:/Program Files (x86)/Steam/steamapps/common/RimWorld/RimWorldWin64_Data/Mono/data-0000028C46BBF010.dll
Fallback handler could not load library C:/Program Files (x86)/Steam/steamapps/common/RimWorld/RimWorldWin64_Data/Mono/data-0000028C4696CD90.dll
Fallback handler could not load library C:/Program Files (x86)/Steam/steamapps/common/RimWorld/RimWorldWin64_Data/Mono/data-0000028C46B32040.dll
Fallback handler could not load library C:/Program Files (x86)/Steam/steamapps/common/RimWorld/RimWorldWin64_Data/Mono/data-0000028C46B34C50.dll
Fallback handler could not load library C:/Program Files (x86)/Steam/steamapps/common/RimWorld/RimWorldWin64_Data/Mono/data-0000028C46B48670.dll
Fallback handler could not load library C:/Program Files (x86)/Steam/steamapps/common/RimWorld/RimWorldWin64_Data/Mono/data-0000028C46B52080.dll
Fallback handler could not load library C:/Program Files (x86)/Steam/steamapps/common/RimWorld/RimWorldWin64_Data/Mono/data-0000028C46C75820.dll
Fallback handler could not load library C:/Program Files (x86)/Steam/steamapps/common/RimWorld/RimWorldWin64_Data/Mono/data-0000028C46B63A90.dll
Fallback handler could not load library C:/Program Files (x86)/Steam/steamapps/common/RimWorld/RimWorldWin64_Data/Mono/data-0000028C46CF7010.dll
Fallback handler could not load library C:/Program Files (x86)/Steam/steamapps/common/RimWorld/RimWorldWin64_Data/Mono/data-0000028C46DE8030.dll
Fallback handler could not load library C:/Program Files (x86)/Steam/steamapps/common/RimWorld/RimWorldWin64_Data/Mono/data-0000028C48320080.dll
Fallback handler could not load library C:/Program Files (x86)/Steam/steamapps/common/RimWorld/RimWorldWin64_Data/Mono/data-0000028C48335690.dll
Fallback handler could not load library C:/Program Files (x86)/Steam/steamapps/common/RimWorld/RimWorldWin64_Data/Mono/data-0000028C4837CBE0.dll
Fallback handler could not load library C:/Program Files (x86)/Steam/steamapps/common/RimWorld/RimWorldWin64_Data/Mono/data-0000028C483B0F10.dll
Fallback handler could not load library C:/Program Files (x86)/Steam/steamapps/common/RimWorld/RimWorldWin64_Data/Mono/data-0000028C483D1B20.dll
Fallback handler could not load library C:/Program Files (x86)/Steam/steamapps/common/RimWorld/RimWorldWin64_Data/Mono/data-0000028C46E29E80.dll
Fallback handler could not load library C:/Program Files (x86)/Steam/steamapps/common/RimWorld/RimWorldWin64_Data/Mono/data-0000028C483EFF20.dll
Fallback handler could not load library C:/Program Files (x86)/Steam/steamapps/common/RimWorld/RimWorldWin64_Data/Mono/data-0000028C483F8540.dll
Fallback handler could not load library C:/Program Files (x86)/Steam/steamapps/common/RimWorld/RimWorldWin64_Data/Mono/data-0000028C48419770.dll
Fallback handler could not load library C:/Program Files (x86)/Steam/steamapps/common/RimWorld/RimWorldWin64_Data/Mono/data-0000028C48541820.dll
Fallback handler could not load library C:/Program Files (x86)/Steam/steamapps/common/RimWorld/RimWorldWin64_Data/Mono/data-0000028C485FFE40.dll
Fallback handler could not load library C:/Program Files (x86)/Steam/steamapps/common/RimWorld/RimWorldWin64_Data/Mono/data-0000028C48602250.dll
Fallback handler could not load library C:/Program Files (x86)/Steam/steamapps/common/RimWorld/RimWorldWin64_Data/Mono/data-0000028C48607670.dll
Fallback handler could not load library C:/Program Files (x86)/Steam/steamapps/common/RimWorld/RimWorldWin64_Data/Mono/data-0000028C48835480.dll
Fallback handler could not load library C:/Program Files (x86)/Steam/steamapps/common/RimWorld/RimWorldWin64_Data/Mono/data-0000028C48A9C0D0.dll
Current API version: 0.1
Mod ResearchPal has API client (0.1)
Fallback handler could not load library C:/Program Files (x86)/Steam/steamapps/common/RimWorld/RimWorldWin64_Data/Mono/data-0000028C48EE2020.dll
Joystick disconnected ("Controller (Xbox One For Windows)").
 
(Filename: C:\buildslave\unity\build\PlatformDependent/Win/Input/RawInput.cpp Line: 1344)

[HugsLib] version 8.0.1
[HugsLib] early-initializing AllowTool
Moody settings loaded
Dubs Mint Minimap 1.3.754
Key binding conflict: MainTab_History and NextPawnMode are both bound to F9.
 
(Filename: C:\buildslave\unity\build\Runtime/Export/Debug/Debug.bindings.h Line: 35)

Key binding conflict: Dev_ChangeSelectedDebugAction and MainTab_Architect are both bound to Tab.
 
(Filename: C:\buildslave\unity\build\Runtime/Export/Debug/Debug.bindings.h Line: 35)

Translation data for language English has 1 errors. Generate translation report for more info.
 
(Filename: C:\buildslave\unity\build\Runtime/Export/Debug/Debug.bindings.h Line: 35)

ResearchPal :: Initialized compatibility for Multiplayer
Plugins: Failed to load 'simple_profiler' because one or more of its dependencies could not be loaded.
 
(Filename: C:\buildslave\unity\build\Runtime/Misc/Plugins.cpp Line: 292)

Fallback handler could not load library C:/Program Files (x86)/Steam/steamapps/common/RimWorld/RimWorldWin64_Data/Mono/.\simple_profiler.dll
Fallback handler could not load library C:/Program Files (x86)/Steam/steamapps/common/RimWorld/RimWorldWin64_Data/Mono/.\simple_profiler.dll
Fallback handler could not load library C:/Program Files (x86)/Steam/steamapps/common/RimWorld/RimWorldWin64_Data/Mono/simple_profiler.dll
Fallback handler could not load library C:/Program Files (x86)/Steam/steamapps/common/RimWorld/RimWorldWin64_Data/Mono/simple_profiler.dll
Fallback handler could not load library C:/Program Files (x86)/Steam/steamapps/common/RimWorld/RimWorldWin64_Data/Mono/simple_profiler.dll
Fallback handler could not load library C:/Program Files (x86)/Steam/steamapps/common/RimWorld/RimWorldWin64_Data/Mono/.\simple_profiler
Fallback handler could not load library C:/Program Files (x86)/Steam/steamapps/common/RimWorld/RimWorldWin64_Data/Mono/.\simple_profiler.dll
Fallback handler could not load library C:/Program Files (x86)/Steam/steamapps/common/RimWorld/RimWorldWin64_Data/Mono/simple_profiler
Fallback handler could not load library C:/Program Files (x86)/Steam/steamapps/common/RimWorld/RimWorldWin64_Data/Mono/simple_profiler.dll
Fallback handler could not load library C:/Program Files (x86)/Steam/steamapps/common/RimWorld/RimWorldWin64_Data/Mono/simple_profiler
Fallback handler could not load library C:/Program Files (x86)/Steam/steamapps/common/RimWorld/RimWorldWin64_Data/Mono/.\libsimple_profiler.dll
Fallback handler could not load library C:/Program Files (x86)/Steam/steamapps/common/RimWorld/RimWorldWin64_Data/Mono/.\libsimple_profiler.dll
Fallback handler could not load library C:/Program Files (x86)/Steam/steamapps/common/RimWorld/RimWorldWin64_Data/Mono/libsimple_profiler.dll
Fallback handler could not load library C:/Program Files (x86)/Steam/steamapps/common/RimWorld/RimWorldWin64_Data/Mono/libsimple_profiler.dll
Fallback handler could not load library C:/Program Files (x86)/Steam/steamapps/common/RimWorld/RimWorldWin64_Data/Mono/libsimple_profiler.dll
Multiplayer version 0.5.2.3
Player's username: barackoli
Processor: AMD Ryzen 7 3700X 8-Core Processor 
Patching Multiplayer for DubsMintMinimap, Version=1.0.0.0, Culture=neutral, PublicKeyToken=null...OK
[RimHUD v1.7.0] Initialized
[Uuugggg.rimworld.Replace_Stuff.main] Patches on methods annotated as Obsolete were detected by HugsLib: Verse.GhostDrawer.DrawGhostThing
 
(Filename: C:\buildslave\unity\build\Runtime/Export/Debug/Debug.bindings.h Line: 35)

[ShowDrafteesWeapon] Initialized
ResearchPal :: Preparing research nodes
ResearchPal :: Reducing crossings
ResearchPal :: Finalizing layout
ResearchPal :: Restoring queue
[RimHUD v1.7.0] Integrated with Multiplayer
[RimHUD v1.7.0] Multiplayer ready with API 0.1
[HugsLib] initializing RoomSense, PeteTimesSix.SimpleSidearms, HeatMap
Unloading 5 Unused Serialized files (Serialized files now loaded: 0)
UnloadTime: 0.249900 ms

Unloading 52 unused Assets to reduce memory usage. Loaded Objects now: 10654.
Total: 69.829500 ms (FindLiveObjects: 0.543300 ms CreateObjectMapping: 0.121500 ms MarkObjects: 69.106300 ms  DeleteObjects: 0.058200 ms)

Loading game from file Northeast Binan with mods:
  - brrainz.harmony
  - Ludeon.RimWorld
  - notfood.ResearchPal
  - rwmt.Multiplayer
  - Uuugggg.ReplaceStuff
  - Jaxe.RimHUD
  - UnlimitedHugs.HugsLib
  - UnlimitedHugs.AllowTool
  - GiantSpaceHamster.Moody
  - falconne.RoomSense
  - avilmask.CommonSense
  - PeteTimesSix.SimpleSidearms
  - dubwise.dubsmintminimap
  - targhetti.ShowDrafteesWeapon
  - FrozenSnowFox.ComplexJobs
  - falconne.HeatMap
  - Sandy.RPGStyleInventory
Unloading 0 Unused Serialized files (Serialized files now loaded: 0)

Unloading 0 unused Assets to reduce memory usage. Loaded Objects now: 18146.
Total: 151.157500 ms (FindLiveObjects: 0.806000 ms CreateObjectMapping: 0.211700 ms MarkObjects: 150.095000 ms  DeleteObjects: 0.044500 ms)

Moody settings saved
Moody settings saved
Moody settings saved
Moody settings saved
Moody settings saved
Moody settings saved
Moody settings saved
Moody settings saved
Moody settings saved
Moody settings saved
Moody settings saved
Moody settings saved
Moody settings saved
Moody settings saved
Moody settings saved
Moody settings saved
Moody settings saved
Moody settings saved
Moody settings saved
Moody settings saved
Moody settings saved
Moody settings saved
Moody settings saved
Moody settings saved
Moody settings saved
Moody settings saved
Moody settings saved
Moody settings saved
Moody settings saved
Moody settings saved
Moody settings saved
Moody settings saved
Moody settings saved
Moody settings saved
Moody settings saved
Moody settings saved
Moody settings saved
Trying to save reference to a discarded thing Jet with saveDestroyedThings=true. This means that it's not deep-saved anywhere and is no longer managed by anything in the code, so saving its reference will always fail. , label=pawn
 
(Filename: C:\buildslave\unity\build\Runtime/Export/Debug/Debug.bindings.h Line: 35)

Trying to save reference to a discarded thing Jet with saveDestroyedThings=true. This means that it's not deep-saved anywhere and is no longer managed by anything in the code, so saving its reference will always fail. , label=pawn
 
(Filename: C:\buildslave\unity\build\Runtime/Export/Debug/Debug.bindings.h Line: 35)

Unloading 3 Unused Serialized files (Serialized files now loaded: 0)
UnloadTime: 0.497200 ms

Unloading 7570 unused Assets to reduce memory usage. Loaded Objects now: 13217.
Total: 121.008400 ms (FindLiveObjects: 0.988700 ms CreateObjectMapping: 0.254300 ms MarkObjects: 109.031300 ms  DeleteObjects: 10.733800 ms)

Loading game from file Autosave-3 with mods:
  - brrainz.harmony
  - Ludeon.RimWorld
  - notfood.ResearchPal
  - rwmt.Multiplayer
  - Uuugggg.ReplaceStuff
  - Jaxe.RimHUD
  - UnlimitedHugs.HugsLib
  - UnlimitedHugs.AllowTool
  - GiantSpaceHamster.Moody
  - falconne.RoomSense
  - avilmask.CommonSense
  - PeteTimesSix.SimpleSidearms
  - dubwise.dubsmintminimap
  - targhetti.ShowDrafteesWeapon
  - FrozenSnowFox.ComplexJobs
  - falconne.HeatMap
  - Sandy.RPGStyleInventory
Unloading 0 Unused Serialized files (Serialized files now loaded: 0)

Unloading 13 unused Assets to reduce memory usage. Loaded Objects now: 20142.
Total: 186.593800 ms (FindLiveObjects: 1.377900 ms CreateObjectMapping: 0.328000 ms MarkObjects: 184.804100 ms  DeleteObjects: 0.083700 ms)

Moody settings saved
Setting up 8 worker threads for Enlighten.
  Thread -> id: 3e64 -> priority: 1 
  Thread -> id: 1f5c -> priority: 1 
  Thread -> id: 1a68 -> priority: 1 
  Thread -> id: 2938 -> priority: 1 
  Thread -> id: 3688 -> priority: 1 
  Thread -> id: 1e60 -> priority: 1 
  Thread -> id: 2738 -> priority: 1 
  Thread -> id: 1a98 -> priority: 1 
